#
# There is insufficient memory for the Java Runtime Environment to continue.
# Native memory allocation (malloc) failed to allocate 1044976 bytes for Chunk::new
# Possible reasons:
#   The system is out of physical RAM or swap space
#   In 32 bit mode, the process size limit was hit
# Possible solutions:
#   Reduce memory load on the system
#   Increase physical memory or swap space
#   Check if swap backing store is full
#   Use 64 bit Java on a 64 bit OS
#   Decrease Java heap size (-Xmx/-Xms)
#   Decrease number of Java threads
#   Decrease Java thread stack sizes (-Xss)
#   Set larger code cache with -XX:ReservedCodeCacheSize=
# This output file may be truncated or incomplete.
#
#  Out of Memory Error (allocation.cpp:390), pid=832, tid=0x0000000000000c74
#
# JRE version: OpenJDK Runtime Environment (8.0_152-b06) (build 1.8.0_152-release-1136-b06)
# Java VM: OpenJDK 64-Bit Server VM (25.152-b06 mixed mode windows-amd64 compressed oops)
# Failed to write core dump. Minidumps are not enabled by default on client versions of Windows
#

---------------  T H R E A D  ---------------

Current thread (0x00000000157e7800):  JavaThread "C2 CompilerThread0" daemon [_thread_in_native, id=3188, stack(0x0000000016820000,0x0000000016920000)]

Stack: [0x0000000016820000,0x0000000016920000]
[error occurred during error reporting (printing stack bounds), id 0xc0000005]

Native frames: (J=compiled Java code, j=interpreted, Vv=VM code, C=native code)


Current CompileTask:
C2:1547088 21035   !   4       java.net.URL::<init> (543 bytes)


---------------  P R O C E S S  ---------------

Java Threads: ( => current thread )
  0x000000001a250800 JavaThread "ForkJoinPool.commonPool-worker-0" daemon [_thread_in_native, id=5044, stack(0x0000000025130000,0x0000000025230000)]
  0x000000001a24f000 JavaThread "ForkJoinPool.commonPool-worker-1" daemon [_thread_in_native, id=4044, stack(0x0000000025030000,0x0000000025130000)]
  0x000000001bb52800 JavaThread "Cache worker for Java compile cache (C:\Users\curacao\OneDrive - UNADECA\Progra III\galeria2019-master\.gradle\4.6\javaCompile)" [_thread_blocked, id=5064, stack(0x0000000024d30000,0x0000000024e30000)]
  0x000000001bb55800 JavaThread "Task worker for ':'" [_thread_blocked, id=2236, stack(0x0000000024a30000,0x0000000024b30000)]
  0x000000001bb52000 JavaThread "Cache worker for Build Output Cleanup Cache (C:\Users\curacao\OneDrive - UNADECA\Progra III\galeria2019-master\.gradle\buildOutputCleanup)" [_thread_blocked, id=752, stack(0x0000000023e50000,0x0000000023f50000)]
  0x000000001bb55000 JavaThread "Cache worker for task history cache (C:\Users\curacao\OneDrive - UNADECA\Progra III\galeria2019-master\.gradle\4.6\taskHistory)" [_thread_blocked, id=4852, stack(0x0000000021f80000,0x0000000022080000)]
  0x000000001bb54000 JavaThread "Cache worker for file content cache (C:\Users\curacao\OneDrive - UNADECA\Progra III\galeria2019-master\.gradle\4.6\fileContent)" [_thread_blocked, id=3192, stack(0x00000000204d0000,0x00000000205d0000)]
  0x000000001bb53800 JavaThread "Build operations Thread 2" [_thread_blocked, id=4396, stack(0x00000000203d0000,0x00000000204d0000)]
  0x000000001bb4e000 JavaThread "Build operations" [_thread_blocked, id=1712, stack(0x000000001eb00000,0x000000001ec00000)]
  0x000000001bb4d800 JavaThread "Cache worker for Artifact transforms cache (C:\Users\curacao\.gradle\caches\transforms-1)" [_thread_blocked, id=3756, stack(0x000000001e900000,0x000000001ea00000)]
  0x000000001bb4f000 JavaThread "Cache worker for file hash cache (C:\Users\curacao\OneDrive - UNADECA\Progra III\galeria2019-master\.gradle\4.6\fileHashes)" [_thread_blocked, id=4652, stack(0x000000001c730000,0x000000001c830000)]
  0x000000001bb4f800 JavaThread "Stdin handler" [_thread_blocked, id=3864, stack(0x000000001aba0000,0x000000001aca0000)]
  0x000000001bb48000 JavaThread "Asynchronous log dispatcher for DefaultDaemonConnection: socket connection from /127.0.0.1:49660 to /127.0.0.1:49801" [_thread_blocked, id=4220, stack(0x00000000195d0000,0x00000000196d0000)]
  0x000000001bb4b000 JavaThread "Daemon worker Thread 6" [_thread_blocked, id=1428, stack(0x00000000194d0000,0x00000000195d0000)]
  0x000000001bb4a800 JavaThread "Cancel handler" [_thread_blocked, id=2224, stack(0x00000000193d0000,0x00000000194d0000)]
  0x000000001bb47800 JavaThread "Handler for socket connection from /127.0.0.1:49660 to /127.0.0.1:49801" [_thread_in_native, id=3876, stack(0x00000000190d0000,0x00000000191d0000)]
  0x000000001bb49800 JavaThread "Daemon Thread 6" [_thread_blocked, id=2752, stack(0x0000000018fd0000,0x00000000190d0000)]
  0x000000001bb51000 JavaThread "pool-18-thread-1" [_thread_blocked, id=3556, stack(0x0000000021c80000,0x0000000021d80000)]
  0x000000001a251800 JavaThread "pool-1-thread-1" [_thread_blocked, id=3760, stack(0x00000000196d0000,0x00000000197d0000)]
  0x00000000183b6000 JavaThread "Memory manager" [_thread_blocked, id=2860, stack(0x000000001e200000,0x000000001e300000)]
  0x0000000017f50800 JavaThread "File lock request listener" [_thread_in_native, id=888, stack(0x000000001aaa0000,0x000000001aba0000)]
  0x0000000018384000 JavaThread "Cache worker for file hash cache (C:\Users\curacao\.gradle\caches\4.6\fileHashes)" [_thread_blocked, id=2556, stack(0x000000001a9a0000,0x000000001aaa0000)]
  0x00000000171f8800 JavaThread "Daemon periodic checks" [_thread_blocked, id=4064, stack(0x0000000018ed0000,0x0000000018fd0000)]
  0x00000000172eb000 JavaThread "Incoming local TCP Connector on port 49660" [_thread_in_native, id=3540, stack(0x0000000018cd0000,0x0000000018dd0000)]
  0x0000000015851800 JavaThread "Service Thread" daemon [_thread_blocked, id=4576, stack(0x0000000016a20000,0x0000000016b20000)]
  0x0000000015843800 JavaThread "C1 CompilerThread1" daemon [_thread_blocked, id=3532, stack(0x0000000016920000,0x0000000016a20000)]
=>0x00000000157e7800 JavaThread "C2 CompilerThread0" daemon [_thread_in_native, id=3188, stack(0x0000000016820000,0x0000000016920000)]
  0x00000000157e6800 JavaThread "Attach Listener" daemon [_thread_blocked, id=1748, stack(0x0000000016720000,0x0000000016820000)]
  0x00000000157e3000 JavaThread "Signal Dispatcher" daemon [_thread_blocked, id=3528, stack(0x0000000016620000,0x0000000016720000)]
  0x00000000157d6800 JavaThread "Finalizer" daemon [_thread_blocked, id=2464, stack(0x0000000016420000,0x0000000016520000)]
  0x00000000020ad800 JavaThread "Reference Handler" daemon [_thread_blocked, id=3972, stack(0x0000000016320000,0x0000000016420000)]
  0x00000000006ee000 JavaThread "main" [_thread_blocked, id=2808, stack(0x0000000001ec0000,0x0000000001fc0000)]

Other Threads:
  0x00000000157b4000 VMThread [stack: 0x0000000016220000,0x0000000016320000] [id=3988]
  0x0000000015847000 WatcherThread [stack: 0x0000000016b20000,0x0000000016c20000] [id=2268]

VM state:not at safepoint (normal execution)

VM Mutex/Monitor currently owned by a thread: None

Heap:
 PSYoungGen      total 334336K, used 83383K [0x00000000e0000000, 0x00000000fc900000, 0x0000000100000000)
  eden space 266240K, 5% used [0x00000000e0000000,0x00000000e0ef5808,0x00000000f0400000)
  from space 68096K, 99% used [0x00000000f0400000,0x00000000f46785d8,0x00000000f4680000)
  to   space 86528K, 0% used [0x00000000f7480000,0x00000000f7480000,0x00000000fc900000)
 ParOldGen       total 179712K, used 73538K [0x00000000a0000000, 0x00000000aaf80000, 0x00000000e0000000)
  object space 179712K, 40% used [0x00000000a0000000,0x00000000a47d0b20,0x00000000aaf80000)
 Metaspace       used 111492K, capacity 117074K, committed 117120K, reserved 1150976K
  class space    used 14198K, capacity 15466K, committed 15488K, reserved 1048576K

Card table byte_map: [0x0000000011480000,0x0000000011790000] byte_map_base: 0x0000000010f80000

Marking Bits: (ParMarkBitMap*) 0x0000000055845aa0
 Begin Bits: [0x0000000011b90000, 0x0000000013390000)
 End Bits:   [0x0000000013390000, 0x0000000014b90000)

Polling page: 0x0000000000700000

CodeCache: size=245760Kb used=56764Kb max_used=56764Kb free=188995Kb
 bounds [0x00000000020c0000, 0x0000000005880000, 0x00000000110c0000]
 total_blobs=17403 nmethods=16510 adapters=804
 compilation: enabled

Compilation events (10 events):
Event: 1546.191 Thread 0x0000000015843800 21039       3       org.objectweb.asm.ClassReader::readShort (27 bytes)
Event: 1546.191 Thread 0x0000000015843800 nmethod 21039 0x000000000586ea50 code [0x000000000586eba0, 0x000000000586ed50]
Event: 1546.192 Thread 0x0000000015843800 21040       3       java.io.FilterInputStream::available (8 bytes)
Event: 1546.192 Thread 0x0000000015843800 nmethod 21040 0x000000000586ee50 code [0x000000000586efc0, 0x000000000586f1e8]
Event: 1546.257 Thread 0x0000000015843800 21041       3       org.objectweb.asm.tree.ClassNode::visitInnerClass (27 bytes)
Event: 1546.258 Thread 0x0000000015843800 nmethod 21041 0x000000000586f290 code [0x000000000586f400, 0x000000000586f788]
Event: 1546.258 Thread 0x0000000015843800 21042       1       org.objectweb.asm.tree.MethodNode::visitCode (1 bytes)
Event: 1546.259 Thread 0x0000000015843800 nmethod 21042 0x0000000005855d10 code [0x0000000005855e60, 0x0000000005855f70]
Event: 1546.259 Thread 0x0000000015843800 21043       1       org.objectweb.asm.tree.MethodNode::visitMaxs (11 bytes)
Event: 1546.259 Thread 0x0000000015843800 nmethod 21043 0x000000000586f910 code [0x000000000586fa60, 0x000000000586fb70]

GC Heap History (10 events):
Event: 506.693 GC heap before
{Heap before GC invocations=28 (full 5):
 PSYoungGen      total 268288K, used 211962K [0x00000000e0000000, 0x00000000f4400000, 0x0000000100000000)
  eden space 206848K, 100% used [0x00000000e0000000,0x00000000eca00000,0x00000000eca00000)
  from space 61440K, 8% used [0x00000000f0800000,0x00000000f0cfe980,0x00000000f4400000)
  to   space 62464K, 0% used [0x00000000eca00000,0x00000000eca00000,0x00000000f0700000)
 ParOldGen       total 179712K, used 52223K [0x00000000a0000000, 0x00000000aaf80000, 0x00000000e0000000)
  object space 179712K, 29% used [0x00000000a0000000,0x00000000a32ffdc8,0x00000000aaf80000)
 Metaspace       used 85927K, capacity 89348K, committed 89600K, reserved 1126400K
  class space    used 10976K, capacity 11732K, committed 11776K, reserved 1048576K
Event: 506.721 GC heap after
Heap after GC invocations=28 (full 5):
 PSYoungGen      total 269312K, used 10647K [0x00000000e0000000, 0x00000000f5c00000, 0x0000000100000000)
  eden space 206848K, 0% used [0x00000000e0000000,0x00000000e0000000,0x00000000eca00000)
  from space 62464K, 17% used [0x00000000eca00000,0x00000000ed465e28,0x00000000f0700000)
  to   space 59904K, 0% used [0x00000000f2180000,0x00000000f2180000,0x00000000f5c00000)
 ParOldGen       total 179712K, used 52231K [0x00000000a0000000, 0x00000000aaf80000, 0x00000000e0000000)
  object space 179712K, 29% used [0x00000000a0000000,0x00000000a3301dc8,0x00000000aaf80000)
 Metaspace       used 85927K, capacity 89348K, committed 89600K, reserved 1126400K
  class space    used 10976K, capacity 11732K, committed 11776K, reserved 1048576K
}
Event: 522.300 GC heap before
{Heap before GC invocations=29 (full 5):
 PSYoungGen      total 269312K, used 217495K [0x00000000e0000000, 0x00000000f5c00000, 0x0000000100000000)
  eden space 206848K, 100% used [0x00000000e0000000,0x00000000eca00000,0x00000000eca00000)
  from space 62464K, 17% used [0x00000000eca00000,0x00000000ed465e28,0x00000000f0700000)
  to   space 59904K, 0% used [0x00000000f2180000,0x00000000f2180000,0x00000000f5c00000)
 ParOldGen       total 179712K, used 52231K [0x00000000a0000000, 0x00000000aaf80000, 0x00000000e0000000)
  object space 179712K, 29% used [0x00000000a0000000,0x00000000a3301dc8,0x00000000aaf80000)
 Metaspace       used 98056K, capacity 102318K, committed 102528K, reserved 1138688K
  class space    used 12712K, capacity 13632K, committed 13696K, reserved 1048576K
Event: 522.803 GC heap after
Heap after GC invocations=29 (full 5):
 PSYoungGen      total 295936K, used 32333K [0x00000000e0000000, 0x00000000f6900000, 0x0000000100000000)
  eden space 236032K, 0% used [0x00000000e0000000,0x00000000e0000000,0x00000000ee680000)
  from space 59904K, 53% used [0x00000000f2180000,0x00000000f4113748,0x00000000f5c00000)
  to   space 60416K, 0% used [0x00000000ee680000,0x00000000ee680000,0x00000000f2180000)
 ParOldGen       total 179712K, used 52239K [0x00000000a0000000, 0x00000000aaf80000, 0x00000000e0000000)
  object space 179712K, 29% used [0x00000000a0000000,0x00000000a3303dc8,0x00000000aaf80000)
 Metaspace       used 98056K, capacity 102318K, committed 102528K, reserved 1138688K
  class space    used 12712K, capacity 13632K, committed 13696K, reserved 1048576K
}
Event: 545.282 GC heap before
{Heap before GC invocations=30 (full 5):
 PSYoungGen      total 295936K, used 268365K [0x00000000e0000000, 0x00000000f6900000, 0x0000000100000000)
  eden space 236032K, 100% used [0x00000000e0000000,0x00000000ee680000,0x00000000ee680000)
  from space 59904K, 53% used [0x00000000f2180000,0x00000000f4113748,0x00000000f5c00000)
  to   space 60416K, 0% used [0x00000000ee680000,0x00000000ee680000,0x00000000f2180000)
 ParOldGen       total 179712K, used 52239K [0x00000000a0000000, 0x00000000aaf80000, 0x00000000e0000000)
  object space 179712K, 29% used [0x00000000a0000000,0x00000000a3303dc8,0x00000000aaf80000)
 Metaspace       used 104197K, capacity 109014K, committed 109056K, reserved 1144832K
  class space    used 13496K, capacity 14562K, committed 14592K, reserved 1048576K
Event: 545.505 GC heap after
Heap after GC invocations=30 (full 5):
 PSYoungGen      total 296448K, used 42991K [0x00000000e0000000, 0x00000000f8700000, 0x0000000100000000)
  eden space 236032K, 0% used [0x00000000e0000000,0x00000000e0000000,0x00000000ee680000)
  from space 60416K, 71% used [0x00000000ee680000,0x00000000f107be50,0x00000000f2180000)
  to   space 64512K, 0% used [0x00000000f4800000,0x00000000f4800000,0x00000000f8700000)
 ParOldGen       total 179712K, used 52247K [0x00000000a0000000, 0x00000000aaf80000, 0x00000000e0000000)
  object space 179712K, 29% used [0x00000000a0000000,0x00000000a3305dc8,0x00000000aaf80000)
 Metaspace       used 104197K, capacity 109014K, committed 109056K, reserved 1144832K
  class space    used 13496K, capacity 14562K, committed 14592K, reserved 1048576K
}
Event: 1072.228 GC heap before
{Heap before GC invocations=31 (full 5):
 PSYoungGen      total 296448K, used 279023K [0x00000000e0000000, 0x00000000f8700000, 0x0000000100000000)
  eden space 236032K, 100% used [0x00000000e0000000,0x00000000ee680000,0x00000000ee680000)
  from space 60416K, 71% used [0x00000000ee680000,0x00000000f107be50,0x00000000f2180000)
  to   space 64512K, 0% used [0x00000000f4800000,0x00000000f4800000,0x00000000f8700000)
 ParOldGen       total 179712K, used 52247K [0x00000000a0000000, 0x00000000aaf80000, 0x00000000e0000000)
  object space 179712K, 29% used [0x00000000a0000000,0x00000000a3305dc8,0x00000000aaf80000)
 Metaspace       used 108289K, capacity 113680K, committed 113792K, reserved 1148928K
  class space    used 13952K, capacity 15159K, committed 15232K, reserved 1048576K
Event: 1072.389 GC heap after
Heap after GC invocations=31 (full 5):
 PSYoungGen      total 330752K, used 42835K [0x00000000e0000000, 0x00000000f8900000, 0x0000000100000000)
  eden space 266240K, 0% used [0x00000000e0000000,0x00000000e0000000,0x00000000f0400000)
  from space 64512K, 66% used [0x00000000f4800000,0x00000000f71d4c48,0x00000000f8700000)
  to   space 68096K, 0% used [0x00000000f0400000,0x00000000f0400000,0x00000000f4680000)
 ParOldGen       total 179712K, used 54035K [0x00000000a0000000, 0x00000000aaf80000, 0x00000000e0000000)
  object space 179712K, 30% used [0x00000000a0000000,0x00000000a34c4f68,0x00000000aaf80000)
 Metaspace       used 108289K, capacity 113680K, committed 113792K, reserved 1148928K
  class space    used 13952K, capacity 15159K, committed 15232K, reserved 1048576K
}
Event: 1544.271 GC heap before
{Heap before GC invocations=32 (full 5):
 PSYoungGen      total 330752K, used 309075K [0x00000000e0000000, 0x00000000f8900000, 0x0000000100000000)
  eden space 266240K, 100% used [0x00000000e0000000,0x00000000f0400000,0x00000000f0400000)
  from space 64512K, 66% used [0x00000000f4800000,0x00000000f71d4c48,0x00000000f8700000)
  to   space 68096K, 0% used [0x00000000f0400000,0x00000000f0400000,0x00000000f4680000)
 ParOldGen       total 179712K, used 54035K [0x00000000a0000000, 0x00000000aaf80000, 0x00000000e0000000)
  object space 179712K, 30% used [0x00000000a0000000,0x00000000a34c4f68,0x00000000aaf80000)
 Metaspace       used 111421K, capacity 116922K, committed 117120K, reserved 1150976K
  class space    used 14193K, capacity 15462K, committed 15488K, reserved 1048576K
Event: 1544.640 GC heap after
Heap after GC invocations=32 (full 5):
 PSYoungGen      total 334336K, used 68065K [0x00000000e0000000, 0x00000000fc900000, 0x0000000100000000)
  eden space 266240K, 0% used [0x00000000e0000000,0x00000000e0000000,0x00000000f0400000)
  from space 68096K, 99% used [0x00000000f0400000,0x00000000f46785d8,0x00000000f4680000)
  to   space 86528K, 0% used [0x00000000f7480000,0x00000000f7480000,0x00000000fc900000)
 ParOldGen       total 179712K, used 73538K [0x00000000a0000000, 0x00000000aaf80000, 0x00000000e0000000)
  object space 179712K, 40% used [0x00000000a0000000,0x00000000a47d0b20,0x00000000aaf80000)
 Metaspace       used 111421K, capacity 116922K, committed 117120K, reserved 1150976K
  class space    used 14193K, capacity 15462K, committed 15488K, reserved 1048576K
}

Deoptimization events (10 events):
Event: 1533.642 Thread 0x000000001bb55800 Uncommon trap: reason=unstable_if action=reinterpret pc=0x0000000004388ab0 method=com.sun.tools.javac.comp.Flow$AliveAnalyzer.visitVarDef(Lcom/sun/tools/javac/tree/JCTree$JCVariableDecl;)V @ 4
Event: 1533.844 Thread 0x000000001bb55800 Uncommon trap: reason=predicate action=maybe_recompile pc=0x000000000384da80 method=com.sun.tools.javac.tree.TreeTranslator.translateAnnotations(Lcom/sun/tools/javac/util/List;)Lcom/sun/tools/javac/util/List; @ 9
Event: 1534.046 Thread 0x000000001bb55800 Uncommon trap: reason=unstable_if action=reinterpret pc=0x0000000004371ea0 method=com.sun.tools.javac.jvm.ClassWriter.adjustFlags(J)I @ 10
Event: 1534.070 Thread 0x000000001bb55800 Uncommon trap: reason=unstable_if action=reinterpret pc=0x00000000043fe6dc method=com.sun.tools.javac.jvm.Items$ImmediateItem.load()Lcom/sun/tools/javac/jvm/Items$Item; @ 65
Event: 1534.075 Thread 0x000000001bb55800 Uncommon trap: reason=unstable_if action=reinterpret pc=0x0000000004464e84 method=com.sun.tools.javac.jvm.ClassWriter.writeJavaAnnotations(Lcom/sun/tools/javac/util/List;)I @ 206
Event: 1534.310 Thread 0x000000001bb55800 Uncommon trap: reason=class_check action=maybe_recompile pc=0x0000000003fe9480 method=com.sun.tools.javac.code.Types$14.visitClassType(Lcom/sun/tools/javac/code/Type$ClassType;Lcom/sun/tools/javac/code/Symbol;)Lcom/sun/tools/javac/code/Type; @ 97
Event: 1534.310 Thread 0x000000001bb55800 Uncommon trap: reason=class_check action=maybe_recompile pc=0x0000000003fe9480 method=com.sun.tools.javac.code.Types$14.visitClassType(Lcom/sun/tools/javac/code/Type$ClassType;Lcom/sun/tools/javac/code/Symbol;)Lcom/sun/tools/javac/code/Type; @ 97
Event: 1534.622 Thread 0x000000001bb55800 Uncommon trap: reason=unstable_if action=reinterpret pc=0x00000000056c7e38 method=com.sun.tools.javac.comp.Attr.visitSelect(Lcom/sun/tools/javac/tree/JCTree$JCFieldAccess;)V @ 13
Event: 1534.623 Thread 0x000000001bb55800 Uncommon trap: reason=unstable_if action=reinterpret pc=0x00000000040e86f8 method=com.sun.tools.javac.comp.Attr.selectSym(Lcom/sun/tools/javac/tree/JCTree$JCFieldAccess;Lcom/sun/tools/javac/code/Symbol;Lcom/sun/tools/javac/code/Type;Lcom/sun/tools/javac/c
Event: 1541.860 Thread 0x000000001bb55800 Uncommon trap: reason=class_check action=maybe_recompile pc=0x00000000057a2a18 method=com.sun.tools.javac.comp.Lower.boxIfNeeded(Lcom/sun/tools/javac/tree/JCTree;Lcom/sun/tools/javac/code/Type;)Lcom/sun/tools/javac/tree/JCTree; @ 87

Classes redefined (0 events):
No events

Internal exceptions (10 events):
Event: 1073.021 Thread 0x000000001bb4b000 Implicit null exception at 0x000000000544693f to 0x0000000005449d49
Event: 1073.033 Thread 0x000000001bb4b000 Implicit null exception at 0x0000000003f4b6d3 to 0x0000000003f4c885
Event: 1511.105 Thread 0x000000001bb4b000 Exception <a 'java/lang/NoSuchMethodError': <clinit>> (0x00000000e2769c60) thrown at [D:\src\AOSP-openjdk-cygwin\jdk8u\hotspot\src\share\vm\prims\jni.cpp, line 1613]
Event: 1511.218 Thread 0x000000001bb4b000 Exception <a 'java/lang/NoSuchMethodError': <clinit>> (0x00000000e27ba890) thrown at [D:\src\AOSP-openjdk-cygwin\jdk8u\hotspot\src\share\vm\prims\jni.cpp, line 1613]
Event: 1511.454 Thread 0x000000001bb4b000 Exception <a 'java/lang/NoSuchMethodError': <clinit>> (0x00000000e28aebc0) thrown at [D:\src\AOSP-openjdk-cygwin\jdk8u\hotspot\src\share\vm\prims\jni.cpp, line 1613]
Event: 1511.454 Thread 0x000000001bb4b000 Exception <a 'java/lang/NoSuchMethodError': <clinit>> (0x00000000e28b2960) thrown at [D:\src\AOSP-openjdk-cygwin\jdk8u\hotspot\src\share\vm\prims\jni.cpp, line 1613]
Event: 1511.455 Thread 0x000000001bb4b000 Exception <a 'java/lang/NoSuchMethodError': <clinit>> (0x00000000e28b4468) thrown at [D:\src\AOSP-openjdk-cygwin\jdk8u\hotspot\src\share\vm\prims\jni.cpp, line 1613]
Event: 1511.455 Thread 0x000000001bb4b000 Exception <a 'java/lang/NoSuchMethodError': <clinit>> (0x00000000e28b5c38) thrown at [D:\src\AOSP-openjdk-cygwin\jdk8u\hotspot\src\share\vm\prims\jni.cpp, line 1613]
Event: 1512.726 Thread 0x000000001bb4b000 Exception <a 'sun/nio/fs/WindowsException'> (0x00000000e30080c0) thrown at [D:\src\AOSP-openjdk-cygwin\jdk8u\hotspot\src\share\vm\prims\jni.cpp, line 709]
Event: 1528.261 Thread 0x000000001bb55800 Implicit null exception at 0x000000000413cfd0 to 0x000000000413dcc5

Events (10 events):
Event: 1545.924 Executing VM operation: RevokeBias
Event: 1545.927 Executing VM operation: RevokeBias done
Event: 1545.929 Executing VM operation: RevokeBias
Event: 1545.929 Executing VM operation: RevokeBias done
Event: 1546.166 Executing VM operation: RevokeBias
Event: 1546.166 Executing VM operation: RevokeBias done
Event: 1546.246 Executing VM operation: RevokeBias
Event: 1546.248 Executing VM operation: RevokeBias done
Event: 1546.248 Executing VM operation: RevokeBias
Event: 1546.248 Executing VM operation: RevokeBias done


Dynamic libraries:
0x00007ff6f95a0000 - 0x00007ff6f95d1000 	C:\Program Files\Android\Android Studio\jre\bin\java.exe
0x00007ffb2bbf0000 - 0x00007ffb2bd9d000 	C:\Windows\SYSTEM32\ntdll.dll
0x00007ffb296a0000 - 0x00007ffb297de000 	C:\Windows\system32\KERNEL32.DLL
0x00007ffb29150000 - 0x00007ffb29266000 	C:\Windows\system32\KERNELBASE.dll
0x00007ffb2aec0000 - 0x00007ffb2af6a000 	C:\Windows\system32\ADVAPI32.dll
0x00007ffb2b5f0000 - 0x00007ffb2b767000 	C:\Windows\system32\USER32.dll
0x00007ffb25ec0000 - 0x00007ffb2613b000 	C:\Windows\WinSxS\amd64_microsoft.windows.common-controls_6595b64144ccf1df_6.0.9600.18006_none_623f33d3ecbe86e8\COMCTL32.dll
0x00007ffb2b0d0000 - 0x00007ffb2b17a000 	C:\Windows\system32\msvcrt.dll
0x00007ffb2b900000 - 0x00007ffb2b959000 	C:\Windows\SYSTEM32\sechost.dll
0x00007ffb2ad80000 - 0x00007ffb2aec0000 	C:\Windows\system32\RPCRT4.dll
0x00007ffb2af80000 - 0x00007ffb2b0cc000 	C:\Windows\system32\GDI32.dll
0x00007ffb29020000 - 0x00007ffb2904e000 	C:\Windows\system32\SspiCli.dll
0x00007ffb295e0000 - 0x00007ffb29616000 	C:\Windows\system32\IMM32.DLL
0x00007ffb292e0000 - 0x00007ffb29431000 	C:\Windows\system32\MSCTF.dll
0x0000000054ec0000 - 0x0000000054f92000 	C:\Program Files\Android\Android Studio\jre\jre\bin\msvcr100.dll
0x0000000055080000 - 0x00000000558c1000 	C:\Program Files\Android\Android Studio\jre\jre\bin\server\jvm.dll
0x00007ffb27080000 - 0x00007ffb27089000 	C:\Windows\SYSTEM32\WSOCK32.dll
0x00007ffb20a30000 - 0x00007ffb20a52000 	C:\Windows\SYSTEM32\WINMM.dll
0x00007ffb21c80000 - 0x00007ffb21c8a000 	C:\Windows\SYSTEM32\VERSION.dll
0x00007ffb2b180000 - 0x00007ffb2b187000 	C:\Windows\system32\PSAPI.DLL
0x00007ffb2ad20000 - 0x00007ffb2ad7a000 	C:\Windows\system32\WS2_32.dll
0x00007ffb20b80000 - 0x00007ffb20baa000 	C:\Windows\SYSTEM32\WINMMBASE.dll
0x00007ffb2b9c0000 - 0x00007ffb2b9c9000 	C:\Windows\system32\NSI.dll
0x00007ffb29100000 - 0x00007ffb2914f000 	C:\Windows\SYSTEM32\cfgmgr32.dll
0x00007ffb27b20000 - 0x00007ffb27b48000 	C:\Windows\SYSTEM32\DEVOBJ.dll
0x00007ffb27070000 - 0x00007ffb2707f000 	C:\Program Files\Android\Android Studio\jre\jre\bin\verify.dll
0x00007ffb21c10000 - 0x00007ffb21c39000 	C:\Program Files\Android\Android Studio\jre\jre\bin\java.dll
0x00007ffb21bf0000 - 0x00007ffb21c06000 	C:\Program Files\Android\Android Studio\jre\jre\bin\zip.dll
0x00007ffb297f0000 - 0x00007ffb2ad1b000 	C:\Windows\system32\SHELL32.dll
0x00007ffb2b9d0000 - 0x00007ffb2bbe2000 	C:\Windows\SYSTEM32\combase.dll
0x00007ffb2b960000 - 0x00007ffb2b9b4000 	C:\Windows\system32\SHLWAPI.dll
0x00007ffb26640000 - 0x00007ffb266f2000 	C:\Windows\SYSTEM32\SHCORE.dll
0x00007ffb28d10000 - 0x00007ffb28d25000 	C:\Windows\SYSTEM32\profapi.dll
0x00007ffb21bd0000 - 0x00007ffb21bea000 	C:\Program Files\Android\Android Studio\jre\jre\bin\net.dll
0x00007ffb28540000 - 0x00007ffb28599000 	C:\Windows\system32\mswsock.dll
0x00007ffb21bb0000 - 0x00007ffb21bc1000 	C:\Program Files\Android\Android Studio\jre\jre\bin\nio.dll
0x00007ffb200c0000 - 0x00007ffb200de000 	C:\Users\curacao\.gradle\native\25\windows-amd64\native-platform.dll
0x00007ffb21b80000 - 0x00007ffb21b8d000 	C:\Program Files\Android\Android Studio\jre\jre\bin\management.dll
0x00007ffb285a0000 - 0x00007ffb285c0000 	C:\Windows\SYSTEM32\CRYPTSP.dll
0x00007ffb281c0000 - 0x00007ffb281f6000 	C:\Windows\system32\rsaenh.dll
0x00007ffb287f0000 - 0x00007ffb28816000 	C:\Windows\SYSTEM32\bcrypt.dll
0x00007ffb282d0000 - 0x00007ffb282f1000 	C:\Windows\SYSTEM32\USERENV.dll
0x00007ffb28b10000 - 0x00007ffb28b73000 	C:\Windows\system32\bcryptprimitives.dll
0x00007ffb28b80000 - 0x00007ffb28b8b000 	C:\Windows\SYSTEM32\CRYPTBASE.dll
0x00007ffb24a50000 - 0x00007ffb24a7a000 	C:\Windows\SYSTEM32\IPHLPAPI.DLL
0x00007ffb245d0000 - 0x00007ffb245da000 	C:\Windows\SYSTEM32\WINNSI.DLL
0x00007ffb23810000 - 0x00007ffb23826000 	C:\Windows\SYSTEM32\dhcpcsvc6.DLL
0x00007ffb24330000 - 0x00007ffb2434a000 	C:\Windows\SYSTEM32\dhcpcsvc.DLL
0x00007ffb19690000 - 0x00007ffb196b4000 	C:\Program Files\Android\Android Studio\jre\jre\bin\sunec.dll
0x00007ffb28340000 - 0x00007ffb283e4000 	C:\Windows\SYSTEM32\DNSAPI.dll
0x00007ffb1d170000 - 0x00007ffb1d17a000 	C:\Windows\System32\rasadhlp.dll
0x00007ffb23840000 - 0x00007ffb238ab000 	C:\Windows\System32\fwpuclnt.dll
0x00007ffb22130000 - 0x00007ffb2213b000 	C:\Program Files\Android\Android Studio\jre\jre\bin\sunmscapi.dll
0x00007ffb28de0000 - 0x00007ffb28fbf000 	C:\Windows\system32\CRYPT32.dll
0x00007ffb28dc0000 - 0x00007ffb28dd1000 	C:\Windows\system32\MSASN1.dll

VM Arguments:
jvm_args: -Xmx1536m -Dfile.encoding=windows-1252 -Duser.country=GT -Duser.language=es -Duser.variant 
java_command: org.gradle.launcher.daemon.bootstrap.GradleDaemon 4.6
java_class_path (initial): C:\Users\curacao\.gradle\wrapper\dists\gradle-4.6-all\bcst21l2brirad8k2ben1letg\gradle-4.6\lib\gradle-launcher-4.6.jar
Launcher Type: SUN_STANDARD

Environment Variables:
JAVA_HOME=C:\Users\curacao\Documents\programacion 3
PATH=C:\Program Files (x86)\Common Files\Oracle\Java\javapath;C:\Program Files (x86)\Intel\TXE Components\TCS\;C:\Program Files\Intel\TXE Components\TCS\;C:\Windows\system32;C:\Windows;C:\Windows\System32\Wbem;C:\Windows\System32\WindowsPowerShell\v1.0\;C:\Program Files\dotnet\;C:\Program Files\Git\cmd
USERNAME=curacao
OS=Windows_NT
PROCESSOR_IDENTIFIER=Intel64 Family 6 Model 55 Stepping 8, GenuineIntel



---------------  S Y S T E M  ---------------

OS: Windows 8.1 , 64 bit Build 9600 (6.3.9600.17415)

CPU:total 2 (initial active 2) (2 cores per cpu, 1 threads per core) family 6 model 55 stepping 8, cmov, cx8, fxsr, mmx, sse, sse2, sse3, ssse3, sse4.1, sse4.2, popcnt, clmul, erms, 3dnowpref, tsc, tscinvbit

Memory: 4k page, physical 4078472k(465956k free), swap 4078472k(1040k free)

vm_info: OpenJDK 64-Bit Server VM (25.152-b06) for windows-amd64 JRE (1.8.0_152-release-1136-b06), built by "builder" with MS VC++ 10.0 (VS2010)

time: Mon Apr 22 22:30:01 2019
elapsed time: 1546 seconds (0d 0h 25m 46s)

