#
# There is insufficient memory for the Java Runtime Environment to continue.
# Native memory allocation (malloc) failed to allocate 32744 bytes for ChunkPool::allocate
# Possible reasons:
#   The system is out of physical RAM or swap space
#   In 32 bit mode, the process size limit was hit
# Possible solutions:
#   Reduce memory load on the system
#   Increase physical memory or swap space
#   Check if swap backing store is full
#   Use 64 bit Java on a 64 bit OS
#   Decrease Java heap size (-Xmx/-Xms)
#   Decrease number of Java threads
#   Decrease Java thread stack sizes (-Xss)
#   Set larger code cache with -XX:ReservedCodeCacheSize=
# This output file may be truncated or incomplete.
#
#  Out of Memory Error (allocation.cpp:273), pid=2268, tid=0x0000000000001280
#
# JRE version: OpenJDK Runtime Environment (8.0_152-b06) (build 1.8.0_152-release-1136-b06)
# Java VM: OpenJDK 64-Bit Server VM (25.152-b06 mixed mode windows-amd64 compressed oops)
# Failed to write core dump. Minidumps are not enabled by default on client versions of Windows
#

---------------  T H R E A D  ---------------

Current thread (0x0000000016188000):  JavaThread "C2 CompilerThread0" daemon [_thread_in_native, id=4736, stack(0x00000000171c0000,0x00000000172c0000)]

Stack: [0x00000000171c0000,0x00000000172c0000]
[error occurred during error reporting (printing stack bounds), id 0xc0000005]

Native frames: (J=compiled Java code, j=interpreted, Vv=VM code, C=native code)


Current CompileTask:
C2:  82099 7255       4       com.android.utils.XmlUtils::append (540 bytes)


---------------  P R O C E S S  ---------------

Java Threads: ( => current thread )
  0x0000000018d5c800 JavaThread "ForkJoinPool.commonPool-worker-1" daemon [_thread_blocked, id=4064, stack(0x000000001a070000,0x000000001a170000)]
  0x0000000018d5e000 JavaThread "Task worker for ':'" [_thread_blocked, id=4404, stack(0x000000001fe90000,0x000000001ff90000)]
  0x0000000018d5c000 JavaThread "Cache worker for Build Output Cleanup Cache (C:\Users\curacao\OneDrive - UNADECA\Progra III\galeria2019-master\.gradle\buildOutputCleanup)" [_thread_blocked, id=3476, stack(0x0000000020320000,0x0000000020420000)]
  0x0000000018d5b000 JavaThread "Cache worker for task history cache (C:\Users\curacao\OneDrive - UNADECA\Progra III\galeria2019-master\.gradle\4.6\taskHistory)" [_thread_blocked, id=4256, stack(0x0000000020220000,0x0000000020320000)]
  0x0000000018d5d800 JavaThread "Cache worker for file content cache (C:\Users\curacao\OneDrive - UNADECA\Progra III\galeria2019-master\.gradle\4.6\fileContent)" [_thread_blocked, id=1748, stack(0x000000001fd90000,0x000000001fe90000)]
  0x000000001909b000 JavaThread "Memory manager" [_thread_blocked, id=3976, stack(0x000000001dec0000,0x000000001dfc0000)]
  0x0000000019096800 JavaThread "Build operations Thread 2" [_thread_blocked, id=2548, stack(0x000000001d4c0000,0x000000001d5c0000)]
  0x0000000019097000 JavaThread "Build operations" [_thread_blocked, id=1900, stack(0x000000001d3c0000,0x000000001d4c0000)]
  0x0000000019099800 JavaThread "Cache worker for Artifact transforms cache (C:\Users\curacao\.gradle\caches\transforms-1)" [_thread_blocked, id=1776, stack(0x000000001d2c0000,0x000000001d3c0000)]
  0x0000000018b52800 JavaThread "Cache worker for file hash cache (C:\Users\curacao\OneDrive - UNADECA\Progra III\galeria2019-master\.gradle\4.6\fileHashes)" [_thread_blocked, id=4676, stack(0x000000001b540000,0x000000001b640000)]
  0x00000000176b3000 JavaThread "File lock request listener" [_thread_in_native, id=1432, stack(0x000000001b440000,0x000000001b540000)]
  0x0000000017ead800 JavaThread "Cache worker for file hash cache (C:\Users\curacao\.gradle\caches\4.6\fileHashes)" [_thread_blocked, id=4468, stack(0x000000001b340000,0x000000001b440000)]
  0x00000000176e9000 JavaThread "Asynchronous log dispatcher for DefaultDaemonConnection: socket connection from /127.0.0.1:49589 to /127.0.0.1:49590" [_thread_blocked, id=4244, stack(0x0000000019f70000,0x000000001a070000)]
  0x00000000176e8000 JavaThread "Daemon worker" [_thread_blocked, id=4996, stack(0x0000000019e70000,0x0000000019f70000)]
  0x0000000017d67800 JavaThread "Cancel handler" [_thread_blocked, id=1756, stack(0x0000000019d70000,0x0000000019e70000)]
  0x000000001896f000 JavaThread "Handler for socket connection from /127.0.0.1:49589 to /127.0.0.1:49590" [_thread_in_native, id=3380, stack(0x0000000019a70000,0x0000000019b70000)]
  0x000000001896e800 JavaThread "Daemon" [_thread_blocked, id=2272, stack(0x0000000019970000,0x0000000019a70000)]
  0x0000000018592800 JavaThread "Daemon periodic checks" [_thread_blocked, id=1904, stack(0x0000000019870000,0x0000000019970000)]
  0x00000000188e6800 JavaThread "Incoming local TCP Connector on port 49589" [_thread_in_native, id=4884, stack(0x0000000019670000,0x0000000019770000)]
  0x00000000161fc800 JavaThread "Service Thread" daemon [_thread_blocked, id=3728, stack(0x00000000173c0000,0x00000000174c0000)]
  0x000000001618e800 JavaThread "C1 CompilerThread1" daemon [_thread_blocked, id=4412, stack(0x00000000172c0000,0x00000000173c0000)]
=>0x0000000016188000 JavaThread "C2 CompilerThread0" daemon [_thread_in_native, id=4736, stack(0x00000000171c0000,0x00000000172c0000)]
  0x0000000016186800 JavaThread "Attach Listener" daemon [_thread_blocked, id=4592, stack(0x00000000170c0000,0x00000000171c0000)]
  0x0000000016183000 JavaThread "Signal Dispatcher" daemon [_thread_blocked, id=4536, stack(0x0000000016fc0000,0x00000000170c0000)]
  0x0000000016176800 JavaThread "Finalizer" daemon [_thread_blocked, id=5000, stack(0x0000000016dc0000,0x0000000016ec0000)]
  0x0000000002a4d800 JavaThread "Reference Handler" daemon [_thread_blocked, id=4392, stack(0x0000000016cc0000,0x0000000016dc0000)]
  0x000000000295e000 JavaThread "main" [_thread_blocked, id=2916, stack(0x0000000002800000,0x0000000002900000)]

Other Threads:
  0x0000000016154000 VMThread [stack: 0x0000000016bc0000,0x0000000016cc0000] [id=3360]
  0x00000000161ff800 WatcherThread [stack: 0x00000000174c0000,0x00000000175c0000] [id=4044]

VM state:at safepoint (normal execution)

VM Mutex/Monitor currently owned by a thread:  ([mutex/lock_event])
[0x000000000295c880] Threads_lock - owner thread: 0x0000000016154000
[0x000000000295ce80] Heap_lock - owner thread: 0x00000000176e8000

Heap:
 PSYoungGen      total 208384K, used 128K [0x00000000e0000000, 0x00000000edc80000, 0x0000000100000000)
  eden space 194048K, 0% used [0x00000000e0000000,0x00000000e0000000,0x00000000ebd80000)
  from space 14336K, 0% used [0x00000000ecd00000,0x00000000ecd20010,0x00000000edb00000)
  to   space 15872K, 0% used [0x00000000ebd80000,0x00000000ebd80000,0x00000000ecd00000)
 ParOldGen       total 78848K, used 42268K [0x00000000a0000000, 0x00000000a4d00000, 0x00000000e0000000)
  object space 78848K, 53% used [0x00000000a0000000,0x00000000a29472f8,0x00000000a4d00000)
 Metaspace       used 57323K, capacity 59096K, committed 59284K, reserved 1099776K
  class space    used 7750K, capacity 8161K, committed 8192K, reserved 1048576K

Card table byte_map: [0x0000000011e20000,0x0000000012130000] byte_map_base: 0x0000000011920000

Marking Bits: (ParMarkBitMap*) 0x0000000055845aa0
 Begin Bits: [0x0000000012530000, 0x0000000013d30000)
 End Bits:   [0x0000000013d30000, 0x0000000015530000)

Polling page: 0x0000000002710000

CodeCache: size=245760Kb used=21299Kb max_used=21310Kb free=224460Kb
 bounds [0x0000000002a60000, 0x0000000003f40000, 0x0000000011a60000]
 total_blobs=7286 nmethods=6503 adapters=696
 compilation: enabled

Compilation events (10 events):
Event: 80.170 Thread 0x000000001618e800 7249       3       com.sun.org.apache.xerces.internal.dom.ParentNode::getChildNodes (13 bytes)
Event: 80.171 Thread 0x000000001618e800 nmethod 7249 0x0000000003f319d0 code [0x0000000003f31b40, 0x0000000003f31ee8]
Event: 80.176 Thread 0x000000001618e800 7251       3       com.sun.org.apache.xerces.internal.dom.ParentNode::getLength (5 bytes)
Event: 80.176 Thread 0x000000001618e800 nmethod 7251 0x0000000003f29350 code [0x0000000003f294c0, 0x0000000003f29648]
Event: 80.209 Thread 0x0000000016188000 nmethod 7246 0x0000000003f3c7d0 code [0x0000000003f3c9c0, 0x0000000003f3d938]
Event: 80.209 Thread 0x0000000016188000 7248       4       com.android.utils.XmlUtils::toXmlAttributeValue (89 bytes)
Event: 80.221 Thread 0x0000000016188000 nmethod 7248 0x0000000003f38d90 code [0x0000000003f38f00, 0x0000000003f393b8]
Event: 80.221 Thread 0x0000000016188000 7253       4       com.android.utils.XmlUtils::toXmlTextValue (65 bytes)
Event: 80.227 Thread 0x0000000016188000 nmethod 7253 0x0000000003f3f610 code [0x0000000003f3f760, 0x0000000003f3f998]
Event: 80.227 Thread 0x0000000016188000 7255       4       com.android.utils.XmlUtils::append (540 bytes)

GC Heap History (10 events):
Event: 49.033 GC heap after
Heap after GC invocations=13 (full 2):
 PSYoungGen      total 136704K, used 11770K [0x00000000e0000000, 0x00000000edb00000, 0x0000000100000000)
  eden space 124928K, 0% used [0x00000000e0000000,0x00000000e0000000,0x00000000e7a00000)
  from space 11776K, 99% used [0x00000000e7a00000,0x00000000e857ea60,0x00000000e8580000)
  to   space 14336K, 0% used [0x00000000ecd00000,0x00000000ecd00000,0x00000000edb00000)
 ParOldGen       total 43520K, used 16723K [0x00000000a0000000, 0x00000000a2a80000, 0x00000000e0000000)
  object space 43520K, 38% used [0x00000000a0000000,0x00000000a1054ef0,0x00000000a2a80000)
 Metaspace       used 42381K, capacity 43346K, committed 43776K, reserved 1087488K
  class space    used 5721K, capacity 6028K, committed 6144K, reserved 1048576K
}
Event: 62.746 GC heap before
{Heap before GC invocations=14 (full 2):
 PSYoungGen      total 136704K, used 136698K [0x00000000e0000000, 0x00000000edb00000, 0x0000000100000000)
  eden space 124928K, 100% used [0x00000000e0000000,0x00000000e7a00000,0x00000000e7a00000)
  from space 11776K, 99% used [0x00000000e7a00000,0x00000000e857ea60,0x00000000e8580000)
  to   space 14336K, 0% used [0x00000000ecd00000,0x00000000ecd00000,0x00000000edb00000)
 ParOldGen       total 43520K, used 16723K [0x00000000a0000000, 0x00000000a2a80000, 0x00000000e0000000)
  object space 43520K, 38% used [0x00000000a0000000,0x00000000a1054ef0,0x00000000a2a80000)
 Metaspace       used 54689K, capacity 56468K, committed 56576K, reserved 1097728K
  class space    used 7455K, capacity 7883K, committed 7936K, reserved 1048576K
Event: 62.852 GC heap after
Heap after GC invocations=14 (full 2):
 PSYoungGen      total 208384K, used 13026K [0x00000000e0000000, 0x00000000edc80000, 0x0000000100000000)
  eden space 194048K, 0% used [0x00000000e0000000,0x00000000e0000000,0x00000000ebd80000)
  from space 14336K, 90% used [0x00000000ecd00000,0x00000000ed9b8be0,0x00000000edb00000)
  to   space 15872K, 0% used [0x00000000ebd80000,0x00000000ebd80000,0x00000000ecd00000)
 ParOldGen       total 43520K, used 26189K [0x00000000a0000000, 0x00000000a2a80000, 0x00000000e0000000)
  object space 43520K, 60% used [0x00000000a0000000,0x00000000a1993658,0x00000000a2a80000)
 Metaspace       used 54689K, capacity 56468K, committed 56576K, reserved 1097728K
  class space    used 7455K, capacity 7883K, committed 7936K, reserved 1048576K
}
Event: 80.509 GC heap before
{Heap before GC invocations=15 (full 2):
 PSYoungGen      total 208384K, used 114787K [0x00000000e0000000, 0x00000000edc80000, 0x0000000100000000)
  eden space 194048K, 52% used [0x00000000e0000000,0x00000000e6360220,0x00000000ebd80000)
  from space 14336K, 90% used [0x00000000ecd00000,0x00000000ed9b8be0,0x00000000edb00000)
  to   space 15872K, 0% used [0x00000000ebd80000,0x00000000ebd80000,0x00000000ecd00000)
 ParOldGen       total 43520K, used 26189K [0x00000000a0000000, 0x00000000a2a80000, 0x00000000e0000000)
  object space 43520K, 60% used [0x00000000a0000000,0x00000000a1993658,0x00000000a2a80000)
 Metaspace       used 57292K, capacity 58962K, committed 59028K, reserved 1099776K
  class space    used 7743K, capacity 8160K, committed 8192K, reserved 1048576K
Event: 80.652 GC heap after
Heap after GC invocations=15 (full 2):
 PSYoungGen      total 209920K, used 14128K [0x00000000e0000000, 0x00000000edc80000, 0x0000000100000000)
  eden space 194048K, 0% used [0x00000000e0000000,0x00000000e0000000,0x00000000ebd80000)
  from space 15872K, 89% used [0x00000000ebd80000,0x00000000ecb4c1d8,0x00000000ecd00000)
  to   space 14336K, 0% used [0x00000000ecd00000,0x00000000ecd00000,0x00000000edb00000)
 ParOldGen       total 43520K, used 31991K [0x00000000a0000000, 0x00000000a2a80000, 0x00000000e0000000)
  object space 43520K, 73% used [0x00000000a0000000,0x00000000a1f3dea0,0x00000000a2a80000)
 Metaspace       used 57292K, capacity 58962K, committed 59028K, reserved 1099776K
  class space    used 7743K, capacity 8160K, committed 8192K, reserved 1048576K
}
Event: 80.652 GC heap before
{Heap before GC invocations=16 (full 3):
 PSYoungGen      total 209920K, used 14128K [0x00000000e0000000, 0x00000000edc80000, 0x0000000100000000)
  eden space 194048K, 0% used [0x00000000e0000000,0x00000000e0000000,0x00000000ebd80000)
  from space 15872K, 89% used [0x00000000ebd80000,0x00000000ecb4c1d8,0x00000000ecd00000)
  to   space 14336K, 0% used [0x00000000ecd00000,0x00000000ecd00000,0x00000000edb00000)
 ParOldGen       total 43520K, used 31991K [0x00000000a0000000, 0x00000000a2a80000, 0x00000000e0000000)
  object space 43520K, 73% used [0x00000000a0000000,0x00000000a1f3dea0,0x00000000a2a80000)
 Metaspace       used 57292K, capacity 58962K, committed 59028K, reserved 1099776K
  class space    used 7743K, capacity 8160K, committed 8192K, reserved 1048576K
Event: 81.826 GC heap after
Heap after GC invocations=16 (full 3):
 PSYoungGen      total 209920K, used 0K [0x00000000e0000000, 0x00000000edc80000, 0x0000000100000000)
  eden space 194048K, 0% used [0x00000000e0000000,0x00000000e0000000,0x00000000ebd80000)
  from space 15872K, 0% used [0x00000000ebd80000,0x00000000ebd80000,0x00000000ecd00000)
  to   space 14336K, 0% used [0x00000000ecd00000,0x00000000ecd00000,0x00000000edb00000)
 ParOldGen       total 78848K, used 42268K [0x00000000a0000000, 0x00000000a4d00000, 0x00000000e0000000)
  object space 78848K, 53% used [0x00000000a0000000,0x00000000a29472f8,0x00000000a4d00000)
 Metaspace       used 57292K, capacity 58962K, committed 59028K, reserved 1099776K
  class space    used 7743K, capacity 8160K, committed 8192K, reserved 1048576K
}
Event: 81.865 GC heap before
{Heap before GC invocations=17 (full 3):
 PSYoungGen      total 209920K, used 3425K [0x00000000e0000000, 0x00000000edc80000, 0x0000000100000000)
  eden space 194048K, 1% used [0x00000000e0000000,0x00000000e0358728,0x00000000ebd80000)
  from space 15872K, 0% used [0x00000000ebd80000,0x00000000ebd80000,0x00000000ecd00000)
  to   space 14336K, 0% used [0x00000000ecd00000,0x00000000ecd00000,0x00000000edb00000)
 ParOldGen       total 78848K, used 42268K [0x00000000a0000000, 0x00000000a4d00000, 0x00000000e0000000)
  object space 78848K, 53% used [0x00000000a0000000,0x00000000a29472f8,0x00000000a4d00000)
 Metaspace       used 57323K, capacity 59096K, committed 59284K, reserved 1099776K
  class space    used 7750K, capacity 8161K, committed 8192K, reserved 1048576K
Event: 81.918 GC heap after
Heap after GC invocations=17 (full 3):
 PSYoungGen      total 208384K, used 128K [0x00000000e0000000, 0x00000000edc80000, 0x0000000100000000)
  eden space 194048K, 0% used [0x00000000e0000000,0x00000000e0000000,0x00000000ebd80000)
  from space 14336K, 0% used [0x00000000ecd00000,0x00000000ecd20010,0x00000000edb00000)
  to   space 15872K, 0% used [0x00000000ebd80000,0x00000000ebd80000,0x00000000ecd00000)
 ParOldGen       total 78848K, used 42268K [0x00000000a0000000, 0x00000000a4d00000, 0x00000000e0000000)
  object space 78848K, 53% used [0x00000000a0000000,0x00000000a29472f8,0x00000000a4d00000)
 Metaspace       used 57323K, capacity 59096K, committed 59284K, reserved 1099776K
  class space    used 7750K, capacity 8161K, committed 8192K, reserved 1048576K
}
Event: 81.918 GC heap before
{Heap before GC invocations=18 (full 4):
 PSYoungGen      total 208384K, used 128K [0x00000000e0000000, 0x00000000edc80000, 0x0000000100000000)
  eden space 194048K, 0% used [0x00000000e0000000,0x00000000e0000000,0x00000000ebd80000)
  from space 14336K, 0% used [0x00000000ecd00000,0x00000000ecd20010,0x00000000edb00000)
  to   space 15872K, 0% used [0x00000000ebd80000,0x00000000ebd80000,0x00000000ecd00000)
 ParOldGen       total 78848K, used 42268K [0x00000000a0000000, 0x00000000a4d00000, 0x00000000e0000000)
  object space 78848K, 53% used [0x00000000a0000000,0x00000000a29472f8,0x00000000a4d00000)
 Metaspace       used 57323K, capacity 59096K, committed 59284K, reserved 1099776K
  class space    used 7750K, capacity 8161K, committed 8192K, reserved 1048576K

Deoptimization events (10 events):
Event: 79.754 Thread 0x00000000176e8000 Uncommon trap: reason=bimorphic action=maybe_recompile pc=0x000000000386fb20 method=com.sun.org.apache.xerces.internal.dom.NamedNodeMapImpl.findNamePoint(Ljava/lang/String;I)I @ 57
Event: 79.754 Thread 0x00000000176e8000 Uncommon trap: reason=unstable_if action=reinterpret pc=0x0000000003af7f9c method=com.sun.org.apache.xerces.internal.dom.AttrImpl.getValue()Ljava/lang/String; @ 15
Event: 79.754 Thread 0x00000000176e8000 Uncommon trap: reason=unstable_if action=reinterpret pc=0x0000000002b912c4 method=com.sun.org.apache.xerces.internal.dom.DeferredDocumentImpl.getNodeValueString(IZ)Ljava/lang/String; @ 73
Event: 80.034 Thread 0x00000000176e8000 Uncommon trap: reason=class_check action=maybe_recompile pc=0x0000000003f256ec method=com.sun.org.apache.xerces.internal.dom.NamedNodeMapImpl.findNamePoint(Ljava/lang/String;I)I @ 54
Event: 80.034 Thread 0x00000000176e8000 Uncommon trap: reason=class_check action=maybe_recompile pc=0x0000000003f256ec method=com.sun.org.apache.xerces.internal.dom.NamedNodeMapImpl.findNamePoint(Ljava/lang/String;I)I @ 54
Event: 80.034 Thread 0x00000000176e8000 Uncommon trap: reason=class_check action=maybe_recompile pc=0x0000000003f256ec method=com.sun.org.apache.xerces.internal.dom.NamedNodeMapImpl.findNamePoint(Ljava/lang/String;I)I @ 54
Event: 80.035 Thread 0x00000000176e8000 Uncommon trap: reason=class_check action=maybe_recompile pc=0x0000000003f256ec method=com.sun.org.apache.xerces.internal.dom.NamedNodeMapImpl.findNamePoint(Ljava/lang/String;I)I @ 54
Event: 80.035 Thread 0x00000000176e8000 Uncommon trap: reason=class_check action=maybe_recompile pc=0x0000000003f185d0 method=com.sun.org.apache.xerces.internal.dom.NamedNodeMapImpl.findNamePoint(Ljava/lang/String;I)I @ 54
Event: 80.045 Thread 0x00000000176e8000 Uncommon trap: reason=null_check action=make_not_entrant pc=0x0000000003f1ab88 method=com.android.ide.common.resources.NodeUtils.processSingleNodeNamespace(Lorg/w3c/dom/Node;Lorg/w3c/dom/Document;)Z @ 8
Event: 80.047 Thread 0x00000000176e8000 Uncommon trap: reason=unstable_if action=reinterpret pc=0x0000000003452554 method=com.sun.org.apache.xerces.internal.dom.DeferredAttrNSImpl.synchronizeData()V @ 36

Classes redefined (0 events):
No events

Internal exceptions (10 events):
Event: 63.202 Thread 0x00000000176e8000 Exception <a 'java/lang/NoSuchMethodError': <clinit>> (0x00000000e02e7440) thrown at [D:\src\AOSP-openjdk-cygwin\jdk8u\hotspot\src\share\vm\prims\jni.cpp, line 1613]
Event: 63.203 Thread 0x00000000176e8000 Exception <a 'java/lang/NoSuchMethodError': <clinit>> (0x00000000e02e92a8) thrown at [D:\src\AOSP-openjdk-cygwin\jdk8u\hotspot\src\share\vm\prims\jni.cpp, line 1613]
Event: 64.095 Thread 0x00000000176e8000 Implicit null exception at 0x0000000002eba7e1 to 0x0000000002ebad55
Event: 72.552 Thread 0x0000000018d5e000 Exception <a 'java/lang/NoSuchMethodError': <clinit>> (0x00000000e03a7d28) thrown at [D:\src\AOSP-openjdk-cygwin\jdk8u\hotspot\src\share\vm\prims\jni.cpp, line 1613]
Event: 72.986 Thread 0x00000000176e8000 Exception <a 'java/lang/NoSuchMethodError': <clinit>> (0x00000000e26c7880) thrown at [D:\src\AOSP-openjdk-cygwin\jdk8u\hotspot\src\share\vm\prims\jni.cpp, line 1613]
Event: 72.987 Thread 0x00000000176e8000 Exception <a 'java/lang/NoSuchMethodError': <clinit>> (0x00000000e26d2498) thrown at [D:\src\AOSP-openjdk-cygwin\jdk8u\hotspot\src\share\vm\prims\jni.cpp, line 1613]
Event: 72.991 Thread 0x00000000176e8000 Exception <a 'java/lang/NoSuchMethodError': <clinit>> (0x00000000e26eee68) thrown at [D:\src\AOSP-openjdk-cygwin\jdk8u\hotspot\src\share\vm\prims\jni.cpp, line 1613]
Event: 72.996 Thread 0x00000000176e8000 Exception <a 'java/lang/NoSuchMethodError': <clinit>> (0x00000000e26fdc70) thrown at [D:\src\AOSP-openjdk-cygwin\jdk8u\hotspot\src\share\vm\prims\jni.cpp, line 1613]
Event: 76.078 Thread 0x00000000176e8000 Implicit null exception at 0x0000000003991c9e to 0x0000000003991e21
Event: 80.045 Thread 0x00000000176e8000 Implicit null exception at 0x0000000003f1a819 to 0x0000000003f1ab79

Events (10 events):
Event: 81.859 loading class com/android/builder/internal/aapt/v2/Aapt2DaemonImpl$NoOutputExpected done
Event: 81.859 loading class com/android/utils/GrabProcessOutput$IProcessOutput
Event: 81.859 loading class com/android/utils/GrabProcessOutput$IProcessOutput done
Event: 81.860 loading class com/android/builder/internal/aapt/v2/Aapt2DaemonImpl$processOutput$1
Event: 81.860 loading class com/android/builder/internal/aapt/v2/Aapt2DaemonImpl$processOutput$1 done
Event: 81.861 loading class com/android/builder/internal/aapt/v2/Aapt2DaemonManager$LeasableAaptDaemon
Event: 81.861 loading class com/android/builder/internal/aapt/v2/Aapt2DaemonManager$LeasableAaptDaemon done
Event: 81.862 loading class java/util/concurrent/Executors$DelegatedScheduledExecutorService
Event: 81.863 loading class java/util/concurrent/Executors$DelegatedExecutorService
Event: 81.863 Executing VM operation: CollectForMetadataAllocation


Dynamic libraries:
0x00007ff6f95a0000 - 0x00007ff6f95d1000 	C:\Program Files\Android\Android Studio\jre\bin\java.exe
0x00007ffb2bbf0000 - 0x00007ffb2bd9d000 	C:\Windows\SYSTEM32\ntdll.dll
0x00007ffb296a0000 - 0x00007ffb297de000 	C:\Windows\system32\KERNEL32.DLL
0x00007ffb29150000 - 0x00007ffb29266000 	C:\Windows\system32\KERNELBASE.dll
0x00007ffb2aec0000 - 0x00007ffb2af6a000 	C:\Windows\system32\ADVAPI32.dll
0x00007ffb2b5f0000 - 0x00007ffb2b767000 	C:\Windows\system32\USER32.dll
0x00007ffb25ec0000 - 0x00007ffb2613b000 	C:\Windows\WinSxS\amd64_microsoft.windows.common-controls_6595b64144ccf1df_6.0.9600.18006_none_623f33d3ecbe86e8\COMCTL32.dll
0x00007ffb2b0d0000 - 0x00007ffb2b17a000 	C:\Windows\system32\msvcrt.dll
0x00007ffb2b900000 - 0x00007ffb2b959000 	C:\Windows\SYSTEM32\sechost.dll
0x00007ffb2ad80000 - 0x00007ffb2aec0000 	C:\Windows\system32\RPCRT4.dll
0x00007ffb2af80000 - 0x00007ffb2b0cc000 	C:\Windows\system32\GDI32.dll
0x00007ffb29020000 - 0x00007ffb2904e000 	C:\Windows\system32\SspiCli.dll
0x00007ffb295e0000 - 0x00007ffb29616000 	C:\Windows\system32\IMM32.DLL
0x00007ffb292e0000 - 0x00007ffb29431000 	C:\Windows\system32\MSCTF.dll
0x0000000054ec0000 - 0x0000000054f92000 	C:\Program Files\Android\Android Studio\jre\jre\bin\msvcr100.dll
0x0000000055080000 - 0x00000000558c1000 	C:\Program Files\Android\Android Studio\jre\jre\bin\server\jvm.dll
0x00007ffb27080000 - 0x00007ffb27089000 	C:\Windows\SYSTEM32\WSOCK32.dll
0x00007ffb20a30000 - 0x00007ffb20a52000 	C:\Windows\SYSTEM32\WINMM.dll
0x00007ffb21c80000 - 0x00007ffb21c8a000 	C:\Windows\SYSTEM32\VERSION.dll
0x00007ffb2b180000 - 0x00007ffb2b187000 	C:\Windows\system32\PSAPI.DLL
0x00007ffb2ad20000 - 0x00007ffb2ad7a000 	C:\Windows\system32\WS2_32.dll
0x00007ffb20b80000 - 0x00007ffb20baa000 	C:\Windows\SYSTEM32\WINMMBASE.dll
0x00007ffb2b9c0000 - 0x00007ffb2b9c9000 	C:\Windows\system32\NSI.dll
0x00007ffb29100000 - 0x00007ffb2914f000 	C:\Windows\SYSTEM32\cfgmgr32.dll
0x00007ffb27b20000 - 0x00007ffb27b48000 	C:\Windows\SYSTEM32\DEVOBJ.dll
0x00007ffb27070000 - 0x00007ffb2707f000 	C:\Program Files\Android\Android Studio\jre\jre\bin\verify.dll
0x00007ffb21c10000 - 0x00007ffb21c39000 	C:\Program Files\Android\Android Studio\jre\jre\bin\java.dll
0x00007ffb21bf0000 - 0x00007ffb21c06000 	C:\Program Files\Android\Android Studio\jre\jre\bin\zip.dll
0x00007ffb297f0000 - 0x00007ffb2ad1b000 	C:\Windows\system32\SHELL32.dll
0x00007ffb2b9d0000 - 0x00007ffb2bbe2000 	C:\Windows\SYSTEM32\combase.dll
0x00007ffb2b960000 - 0x00007ffb2b9b4000 	C:\Windows\system32\SHLWAPI.dll
0x00007ffb26640000 - 0x00007ffb266f2000 	C:\Windows\SYSTEM32\SHCORE.dll
0x00007ffb28d10000 - 0x00007ffb28d25000 	C:\Windows\SYSTEM32\profapi.dll
0x00007ffb21bd0000 - 0x00007ffb21bea000 	C:\Program Files\Android\Android Studio\jre\jre\bin\net.dll
0x00007ffb28540000 - 0x00007ffb28599000 	C:\Windows\system32\mswsock.dll
0x00007ffb21bb0000 - 0x00007ffb21bc1000 	C:\Program Files\Android\Android Studio\jre\jre\bin\nio.dll
0x00007ffb22120000 - 0x00007ffb2213e000 	C:\Users\curacao\.gradle\native\25\windows-amd64\native-platform.dll
0x00007ffb21b80000 - 0x00007ffb21b8d000 	C:\Program Files\Android\Android Studio\jre\jre\bin\management.dll
0x00007ffb285a0000 - 0x00007ffb285c0000 	C:\Windows\SYSTEM32\CRYPTSP.dll
0x00007ffb281c0000 - 0x00007ffb281f6000 	C:\Windows\system32\rsaenh.dll
0x00007ffb287f0000 - 0x00007ffb28816000 	C:\Windows\SYSTEM32\bcrypt.dll
0x00007ffb282d0000 - 0x00007ffb282f1000 	C:\Windows\SYSTEM32\USERENV.dll
0x00007ffb28b10000 - 0x00007ffb28b73000 	C:\Windows\system32\bcryptprimitives.dll
0x00007ffb28b80000 - 0x00007ffb28b8b000 	C:\Windows\SYSTEM32\CRYPTBASE.dll
0x00007ffb24a50000 - 0x00007ffb24a7a000 	C:\Windows\SYSTEM32\IPHLPAPI.DLL
0x00007ffb245d0000 - 0x00007ffb245da000 	C:\Windows\SYSTEM32\WINNSI.DLL
0x00007ffb23810000 - 0x00007ffb23826000 	C:\Windows\SYSTEM32\dhcpcsvc6.DLL
0x00007ffb24330000 - 0x00007ffb2434a000 	C:\Windows\SYSTEM32\dhcpcsvc.DLL

VM Arguments:
jvm_args: -Xmx1536m -Dfile.encoding=windows-1252 -Duser.country=GT -Duser.language=es -Duser.variant 
java_command: org.gradle.launcher.daemon.bootstrap.GradleDaemon 4.6
java_class_path (initial): C:\Users\curacao\.gradle\wrapper\dists\gradle-4.6-all\bcst21l2brirad8k2ben1letg\gradle-4.6\lib\gradle-launcher-4.6.jar
Launcher Type: SUN_STANDARD

Environment Variables:
JAVA_HOME=C:\Users\curacao\Documents\programacion 3
PATH=C:\Program Files (x86)\Common Files\Oracle\Java\javapath;C:\Program Files (x86)\Intel\TXE Components\TCS\;C:\Program Files\Intel\TXE Components\TCS\;C:\Windows\system32;C:\Windows;C:\Windows\System32\Wbem;C:\Windows\System32\WindowsPowerShell\v1.0\;C:\Program Files\dotnet\;C:\Program Files\Git\cmd
USERNAME=curacao
OS=Windows_NT
PROCESSOR_IDENTIFIER=Intel64 Family 6 Model 55 Stepping 8, GenuineIntel



---------------  S Y S T E M  ---------------

OS: Windows 8.1 , 64 bit Build 9600 (6.3.9600.17415)

CPU:total 2 (initial active 2) (2 cores per cpu, 1 threads per core) family 6 model 55 stepping 8, cmov, cx8, fxsr, mmx, sse, sse2, sse3, ssse3, sse4.1, sse4.2, popcnt, clmul, erms, 3dnowpref, tsc, tscinvbit

Memory: 4k page, physical 4078472k(510984k free), swap 4078472k(5088k free)

vm_info: OpenJDK 64-Bit Server VM (25.152-b06) for windows-amd64 JRE (1.8.0_152-release-1136-b06), built by "builder" with MS VC++ 10.0 (VS2010)

time: Mon Apr 22 21:49:42 2019
elapsed time: 82 seconds (0d 0h 1m 22s)

